WARNING: Image format was not specified for '/home/n869p538/qflex/images/ubuntu16/flash0.img' and probing guessed raw.
         Automatically detecting the format is dangerous for raw images, write operations on block 0 will be restricted.
         Specify the 'raw' format explicitly to remove the restrictions.
WARNING: Image format was not specified for '/home/n869p538/qflex/images/ubuntu16/flash1.img' and probing guessed raw.
         Automatically detecting the format is dangerous for raw images, write operations on block 0 will be restricted.
         Specify the 'raw' format explicitly to remove the restrictions.
parsing failed
1 <ConfigurationManager.cpp:231> {0}- Initializing Flexus::ConfigurationManager...
2 <ConfigurationManager.cpp:233> {0}- ConfigurationManager initializing
3 <ComponentManager.cpp:176> {0}- Initializing Flexus::ComponentManager...
4 <ComponentManager.cpp:178> {0}- ComponentManager initialized
<cpus.c:1368> Flexus Simulator set!.
////////////////////////////////////////////////////////////////////////////////////////////////////////
//                                                                                                    //
//           ************                                                                             //
//          **************                                                                            //
//   *      **************      *                                                                     //
//  **      ***  ****  ***     ***                                                                    //
// ***      **************      ***                                                                   //
// ****     **************     ****                                                                   //
//  ******************************   ***********    *                                                 //
//    *********        **********   *************  ***                                                //
//      *****            *****      ***            ***       *****      *        *                    //
//      ****              ****      ***            ***    ***********  ****    ****                   //
//      ****               ***      **********     ***   ****     ****   ********                     //
//      ****          *** ****      **********     ***   *************     ****                       //
//       ****          ******       ***            ***   ***             ********                     //
//        *****        *******      ***            ***    ****   ****   ****  ****                    //
//           ****    ****   ***     ***            ***      ********   ***      ***                   //
//                                                                                                    //
//   QFlex (C) 2016-2020, Parallel Systems Architecture Lab, EPFL                                     //
//   All rights reserved.                                                                             //
//   Website: https://qflex.epfl.ch                                                                   //
//   QFlex uses software developed externally:                                                        //
//   [NS-3](https://www.gnu.org/copyleft/gpl.html)                                                    //
//   [QEMU](http://wiki.qemu.org/License)                                                             //
//   [SimFlex] (http://parsa.epfl.ch/simflex/)                                                        //
//                                                                                                    //
//   Redistribution and use in source and binary forms, with or without modification,                 //
//   are permitted provided that the following conditions are met:                                    //
//                                                                                                    //
//       * Redistributions of source code must retain the above copyright notice,                     //
//         this list of conditions and the following disclaimer.                                      //
//       * Redistributions in binary form must reproduce the above copyright notice,                  //
//         this list of conditions and the following disclaimer in the documentation                  //
//         and/or other materials provided with the distribution.                                     //
//       * Neither the name of the Parallel Systems Architecture Laboratory, EPFL,                    //
//         nor the names of its contributors may be used to endorse or promote                        //
//         products derived from this software without specific prior written                         //
//         permission.                                                                                //
//                                                                                                    //
//   THIS SOFTWARE IS PROVIDED BY THE COPYRIGHT HOLDERS AND CONTRIBUTORS "AS IS" AND                  //
//   ANY EXPRESS OR IMPLIED WARRANTIES, INCLUDING, BUT NOT LIMITED TO, THE IMPLIED                    //
//   WARRANTIES OF MERCHANTABILITY AND FITNESS FOR A PARTICULAR PURPOSE ARE                           //
//   DISCLAIMED. IN NO EVENT SHALL THE PARALLEL SYSTEMS ARCHITECTURE LABORATORY,                      //
//   EPFL BE LIABLE FOR ANY DIRECT, INDIRECT, INCIDENTAL, SPECIAL, EXEMPLARY, OR                      //
//   CONSEQUENTIAL DAMAGES (INCLUDING, BUT NOT LIMITED TO, PROCUREMENT OF SUBSTITUTE                  //
//   GOODS OR SERVICES; LOSS OF USE, DATA, OR PROFITS; OR BUSINESS INTERRUPTION)                      //
//   HOWEVER CAUSED AND ON ANY THEORY OF LIABILITY, WHETHER IN CONTRACT, STRICT                       //
//   LIABILITY, OR TORT (INCLUDING NEGLIGENCE OR OTHERWISE) ARISING IN ANY WAY OUT OF                 //
//   THE USE OF THIS SOFTWARE, EVEN IF ADVISED OF THE POSSIBILITY OF SUCH DAMAGE.                     //
////////////////////////////////////////////////////////////////////////////////////////////////////////


//   QFlex simulator - Built as Keen Kraken v1.0

5 <startup.cpp:236> {0}- Initializing Flexus.
6 <startup.cpp:238> {0}- Compiled with Boost: 1.70.0
7 <startup.cpp:110> {0}- Instantiating Flexus components with SystemWidth = 1
8 <ComponentManager.cpp:85> {0}- Instantiating system with a width factor of: 1
9 <DecoupledFeeder.hpp:80> {0}- feeder port ToNAW is not wired
10 <QemuTracer.cpp:627> {0}- Initializing QemuTracerManager.
11 <QemuTracer.cpp:706> {0}- Connecting to DMA memory map
12 <QemuTracer.cpp:638> {0}- Done initializing QemuTracerManager.
13 <BPWarm.hpp:67> {0}- bpwarm port InsnOut is not wired
14 <FastCache.hpp:106> {0}- L1d port SnoopOutI is not wired
15 <FastCache.hpp:106> {0}- L1d port SnoopOutD is not wired
16 <FastCache.hpp:106> {0}- L1d port Reads is not wired
17 <FastCache.hpp:106> {0}- L1d port Writes is not wired
18 <FastCache.hpp:106> {0}- L1i port SnoopOutI is not wired
19 <FastCache.hpp:106> {0}- L1i port SnoopOutD is not wired
20 <FastCache.hpp:106> {0}- L1i port Reads is not wired
21 <FastCache.hpp:106> {0}- L1i port Writes is not wired
22 <FastCache.hpp:106> {0}- L1i port RegionNotify is not wired
23 <FastCMPCache.hpp:97> {0}- L2 port RegionNotifyOut is not wired
24 <breakpoint_tracker.cpp:504> {0}- Successfully registered RegressionTrackerMagicBreakpoint with QEMU, cpu_id = 0, struct id = 1
25 <MMU.hpp:82> {0}- mmu port iTranslationReply is not wired
26 <MMU.hpp:82> {0}- mmu port dTranslationReply is not wired
27 <MMU.hpp:82> {0}- mmu port MemoryRequestOut is not wired
28 <MMU.hpp:82> {0}- mmu port ResyncOut is not wired
29 <wiring.cpp:87> {0}-  initializing Parameters...
30 <flexus.cpp:421> {0}- Set stat interval to : 10000000
31 <flexus.cpp:441> {0}- Set profile interval to : 10000000
32 <flexus.cpp:446> {0}- Set timestamp interval to : 1000000
Formatting '/home/n869p538/qflex/images/ubuntu16/ubuntu.qcow2-132705F5-i1-tmp', fmt=qcow2 size=21474836480 backing_file=/home/n869p538/qflex/images/ubuntu16/ubuntu.qcow2 backing_fmt=qcow2 cluster_size=65536 lazy_refcounts=off refcount_bits=16
33 <configuration.hpp:210> {0}- Bad Lexical Cast attempting to set dynamic parameter.
WARNING: Unable to set parameter CacheLevel to eL1
34 <configuration.hpp:210> {0}- Bad Lexical Cast attempting to set dynamic parameter.
WARNING: Unable to set parameter CacheLevel to eL1I
35 <configuration.hpp:210> {0}- Bad Lexical Cast attempting to set dynamic parameter.
WARNING: Unable to set parameter CacheLevel to eL2
WARNING: There is no parameter named "-fag:faddrs"
WARNING: There is no parameter named "-fag:bpreds"
WARNING: There is no parameter named "-fag:threads"
WARNING: There is no parameter named "-ufetch:faq"
WARNING: There is no parameter named "-ufetch:flines"
WARNING: There is no parameter named "-ufetch:finst"
WARNING: There is no parameter named "-ufetch:iline"
WARNING: There is no parameter named "-ufetch:perfect"
WARNING: There is no parameter named "-ufetch:prefetch"
WARNING: There is no parameter named "-ufetch:clean_evict"
WARNING: There is no parameter named "-ufetch:size"
WARNING: There is no parameter named "-ufetch:associativity"
WARNING: There is no parameter named "-ufetch:miss_queue_size"
WARNING: There is no parameter named "-ufetch:threads"
WARNING: There is no parameter named "-ufetch:send_acks"
WARNING: There is no parameter named "-ufetch:use_reply_channel"
WARNING: There is no parameter named "-ufetch:evict_on_snoop"
WARNING: There is no parameter named "-decoder:fiq"
WARNING: There is no parameter named "-decoder:dispatch"
WARNING: There is no parameter named "-decoder:multithread"
WARNING: There is no parameter named "-uarcharm:rob"
WARNING: There is no parameter named "-uarcharm:sb"
WARNING: There is no parameter named "-uarcharm:naw_bypass_sb"
WARNING: There is no parameter named "-uarcharm:naw_wait_at_sync"
WARNING: There is no parameter named "-uarcharm:retire"
WARNING: There is no parameter named "-uarcharm:memports"
WARNING: There is no parameter named "-uarcharm:snoopports"
WARNING: There is no parameter named "-uarcharm:storeprefetch"
WARNING: There is no parameter named "-uarcharm:prefetch_early"
WARNING: There is no parameter named "-uarcharm:consistency"
WARNING: There is no parameter named "-uarcharm:coherence"
WARNING: There is no parameter named "-uarcharm:break_on_resynch"
WARNING: There is no parameter named "-uarcharm:spin_control"
WARNING: There is no parameter named "-uarcharm:spec_order"
WARNING: There is no parameter named "-uarcharm:spec_atomic_val"
WARNING: There is no parameter named "-uarcharm:spec_atomic_val_perfect"
WARNING: There is no parameter named "-uarcharm:spec_ckpts"
WARNING: There is no parameter named "-uarcharm:ckpt_threshold"
WARNING: There is no parameter named "-uarcharm:early_sgp"
WARNING: There is no parameter named "-uarcharm:track_parallel"
WARNING: There is no parameter named "-uarcharm:in_order_memory"
WARNING: There is no parameter named "-uarcharm:in_order_execute"
WARNING: There is no parameter named "-uarcharm:multithread"
WARNING: There is no parameter named "-uarcharm:on-chip-se"
WARNING: There is no parameter named "-uarcharm:off-chip-se"
WARNING: There is no parameter named "-uarcharm:numIntAlu"
WARNING: There is no parameter named "-uarcharm:intAluOpLatency"
WARNING: There is no parameter named "-uarcharm:intAluOpPipelineResetTime"
WARNING: There is no parameter named "-uarcharm:numIntMult"
WARNING: There is no parameter named "-uarcharm:intMultOpLatency"
WARNING: There is no parameter named "-uarcharm:intMultOpPipelineResetTime"
WARNING: There is no parameter named "-uarcharm:intDivOpLatency"
WARNING: There is no parameter named "-uarcharm:intDivOpPipelineResetTime"
WARNING: There is no parameter named "-uarcharm:numFpAlu"
WARNING: There is no parameter named "-uarcharm:fpAddOpLatency"
WARNING: There is no parameter named "-uarcharm:fpAddOpPipelineResetTime"
WARNING: There is no parameter named "-uarcharm:fpCmpOpLatency"
WARNING: There is no parameter named "-uarcharm:fpCmpOpPipelineResetTime"
WARNING: There is no parameter named "-uarcharm:fpCvtOpLatency"
WARNING: There is no parameter named "-uarcharm:fpCvtOpPipelineResetTime"
WARNING: There is no parameter named "-uarcharm:numFpMult"
WARNING: There is no parameter named "-uarcharm:fpMultOpLatency"
WARNING: There is no parameter named "-uarcharm:fpMultOpPipelineResetTime"
WARNING: There is no parameter named "-uarcharm:fpDivOpLatency"
WARNING: There is no parameter named "-uarcharm:fpDivOpPipelineResetTime"
WARNING: There is no parameter named "-uarcharm:fpSqrtOpLatency"
WARNING: There is no parameter named "-uarcharm:fpSqrtOpPipelineResetTime"
WARNING: There is no parameter named "-L1d:cores"
WARNING: There is no parameter named "-L1d:ports"
WARNING: There is no parameter named "-L1d:banks"
WARNING: There is no parameter named "-L1d:tag_lat"
WARNING: There is no parameter named "-L1d:dup_tag_issue_lat"
WARNING: There is no parameter named "-L1d:data_lat"
WARNING: There is no parameter named "-L1d:data_issue_lat"
36 <configuration.hpp:210> {0}- Bad Lexical Cast attempting to set dynamic parameter.
WARNING: Unable to set parameter CacheLevel to eL1
WARNING: There is no parameter named "-L1d:queue_size"
WARNING: There is no parameter named "-L1d:pre_queue_size"
WARNING: There is no parameter named "-L1d:maf"
WARNING: There is no parameter named "-L1d:maf_targets"
WARNING: There is no parameter named "-L1d:eb"
WARNING: There is no parameter named "-L1d:snoops"
WARNING: There is no parameter named "-L1d:probe_fetchmiss"
WARNING: There is no parameter named "-L1d:bustime_nodata"
WARNING: There is no parameter named "-L1d:bustime_data"
WARNING: There is no parameter named "-L1d:allow_evict_clean"
WARNING: There is no parameter named "-L1d:evict_writable_has_data"
WARNING: There is no parameter named "-L1d:evict_on_snoop"
WARNING: There is no parameter named "-L1d:fast_evict_clean"
WARNING: There is no parameter named "-L1d:no_bus"
WARNING: There is no parameter named "-L1d:trace_address"
WARNING: There is no parameter named "-L1d:cache_type"
WARNING: There is no parameter named "-L1d:array_config"
WARNING: There is no parameter named "-L1d:use_reply_channel"
WARNING: There is no parameter named "-L2:cores"
WARNING: There is no parameter named "-L2:banks"
WARNING: There is no parameter named "-L2:bank_interleaving"
WARNING: There is no parameter named "-L2:groups"
WARNING: There is no parameter named "-L2:group_interleaving"
WARNING: There is no parameter named "-L2:dir_lat"
WARNING: There is no parameter named "-L2:dir_issue_lat"
WARNING: There is no parameter named "-L2:tag_lat"
WARNING: There is no parameter named "-L2:tag_issue_lat"
WARNING: There is no parameter named "-L2:data_lat"
WARNING: There is no parameter named "-L2:data_issue_lat"
WARNING: There is no parameter named "-L2:queue_size"
WARNING: There is no parameter named "-L2:maf_size"
WARNING: There is no parameter named "-L2:dir_eb_size"
WARNING: There is no parameter named "-L2:cache_eb_size"
WARNING: There is no parameter named "-L2:policy"
WARNING: There is no parameter named "-L2:controller"
WARNING: There is no parameter named "-L2:dir_type"
WARNING: There is no parameter named "-L2:dir_config"
37 <configuration.hpp:210> {0}- Bad Lexical Cast attempting to set dynamic parameter.
WARNING: Unable to set parameter CacheLevel to eL2
WARNING: There is no parameter named "-L2:allow_evict_clean"
WARNING: There is no parameter named "-L2:array_config"
WARNING: There is no parameter named "-nic:vc"
WARNING: There is no parameter named "-nic:recv-capacity"
WARNING: There is no parameter named "-nic:send-capacity"
WARNING: There is no parameter named "-network:topology-file"
WARNING: There is no parameter named "-network:nodes"
WARNING: There is no parameter named "-network:virtual-channels"
WARNING: There is no parameter named "-net-mapper:Cores"
WARNING: There is no parameter named "-net-mapper:MemControllers"
WARNING: There is no parameter named "-net-mapper:Directories"
WARNING: There is no parameter named "-net-mapper:Banks"
WARNING: There is no parameter named "-net-mapper:DirInterleaving"
WARNING: There is no parameter named "-net-mapper:MemInterleaving"
WARNING: There is no parameter named "-net-mapper:DirXORShift"
WARNING: There is no parameter named "-net-mapper:MemXORShift"
WARNING: There is no parameter named "-net-mapper:DirLocation"
WARNING: There is no parameter named "-net-mapper:MemLocation"
WARNING: There is no parameter named "-net-mapper:MemReplyToDir"
WARNING: There is no parameter named "-net-mapper:MemAcksNeedData"
WARNING: There is no parameter named "-net-mapper:TwoPhaseWB"
WARNING: There is no parameter named "-net-mapper:LocalDir"
WARNING: There is no parameter named "-memory:time"
WARNING: There is no parameter named "-memory:max_requests"
WARNING: There is no parameter named "-memory:UseFetchReply"
WARNING: There is no parameter named "-memory-map:pagesize"
WARNING: There is no parameter named "-memory-map:nodes"
WARNING: There is no parameter named "-memory-map:round_robin"
WARNING: There is no parameter named "-memory-map:write_page_map"
WARNING: There is no parameter named "-memory-map:page_map"
WARNING: There is no parameter named "-memory:device-file"
WARNING: There is no parameter named "-memory:memory-system-file"
WARNING: There is no parameter named "-memory:interleaving"
WARNING: There is no parameter named "-memory:frequency"
WARNING: There is no parameter named "-memory:dyn_size"
WARNING: There is no parameter named "-memory:size"
WARNING: There is no parameter named "-memory:max_replies"
WARNING: There is no parameter named "-memory:max_requests"
WARNING: There is no parameter named "-memory:InterconnectDelay"
WARNING: There is no parameter named "-L1d:array_config"
WARNING: There is no parameter named "-L2:array_config"
WARNING: There is no parameter named "-L2:banks"
WARNING: There is no parameter named "-L2:cores"
WARNING: There is no parameter named "-network:nodes"
WARNING: There is no parameter named "-network:topology-file"
WARNING: There is no parameter named "-net-mapper:Cores"
WARNING: There is no parameter named "-net-mapper:Directories"
WARNING: There is no parameter named "-net-mapper:Banks"
WARNING: There is no parameter named "-net-mapper:MemControllers"
WARNING: There is no parameter named "-net-mapper:MemLocation"
WARNING: There is no parameter named "-memory-map:nodes"
38 <ComponentManager.cpp:100> {0}- Initializing 8 components...
39 <ComponentManager.cpp:105> {0}- Component 1: Initializing sys-feeder
40 <flexus.cpp:300> {0}- Timestamp: Wed May 24 15:57:05 2023

41 <ComponentManager.cpp:105> {0}- Component 2: Initializing sys-bpwarm
42 <ComponentManager.cpp:105> {0}- Component 3: Initializing sys-L1d
43 <FastCacheImpl.cpp:177> {0}- Running with MT width 1
44 <ComponentManager.cpp:105> {0}- Component 4: Initializing sys-L1i
45 <ComponentManager.cpp:105> {0}- Component 5: Initializing sys-L2
46 <FastCMPCacheImpl.cpp:266> {0}- Running with CMP width 1
47 <FastCMPCacheImpl.cpp:305> {0}- Coherence Unit is: 64
48 <FastCMPCacheImpl.cpp:306> {0}- sizeof(PhysicalMemoryAddress) = 8
49 <ComponentManager.cpp:105> {0}- Component 6: Initializing sys-memory
50 <ComponentManager.cpp:105> {0}- Component 7: Initializing sys-magic-break
51 <ComponentManager.cpp:105> {0}- Component 8: Initializing sys-mmu
Exiting because of break_simulation
With exit message: Reached the end of the simulation
